<?xml version="1.0" encoding="UTF-8"?>
<testng-results skipped="0" failed="0" ignored="0" total="1" passed="1">
  <reporter-output>
  </reporter-output>
  <suite name="Default suite" duration-ms="48128" started-at="2021-06-13T18:09:40 IST" finished-at="2021-06-13T18:10:28 IST">
    <groups>
    </groups>
    <test name="Default test" duration-ms="48128" started-at="2021-06-13T18:09:40 IST" finished-at="2021-06-13T18:10:28 IST">
      <class name="eCommerce_QA_TestCases.Create_New_Account_Testcases">
        <test-method status="PASS" signature="launch_browser()[pri:0, instance:eCommerce_QA_TestCases.Create_New_Account_Testcases@4d3167f4]" name="launch_browser" is-config="true" duration-ms="34570" started-at="2021-06-13T18:09:40 IST" finished-at="2021-06-13T18:10:14 IST">
          <reporter-output>
          </reporter-output>
        </test-method> <!-- launch_browser -->
        <test-method status="PASS" signature="personal_info()[pri:0, instance:eCommerce_QA_TestCases.Create_New_Account_Testcases@4d3167f4]" name="personal_info" duration-ms="13499" started-at="2021-06-13T18:10:14 IST" finished-at="2021-06-13T18:10:28 IST">
          <reporter-output>
          </reporter-output>
        </test-method> <!-- personal_info -->
        <test-method status="PASS" signature="teardown()[pri:0, instance:eCommerce_QA_TestCases.Create_New_Account_Testcases@4d3167f4]" name="teardown" is-config="true" duration-ms="1" started-at="2021-06-13T18:10:28 IST" finished-at="2021-06-13T18:10:28 IST">
          <reporter-output>
          </reporter-output>
        </test-method> <!-- teardown -->
      </class> <!-- eCommerce_QA_TestCases.Create_New_Account_Testcases -->
    </test> <!-- Default test -->
  </suite> <!-- Default suite -->
</testng-results>
